[INFO] Scanning for projects...
[INFO] 
[INFO] -------------------------< com.example:mycrud >-------------------------
[INFO] Building mycrud 0.0.1-SNAPSHOT
[INFO]   from pom.xml
[INFO] --------------------------------[ jar ]---------------------------------
[INFO] 
[INFO] >>> spring-boot:2.7.15:run (default-cli) > test-compile @ mycrud >>>
[INFO] 
[INFO] --- resources:3.2.0:resources (default-resources) @ mycrud ---
[INFO] Using 'UTF-8' encoding to copy filtered resources.
[INFO] Using 'UTF-8' encoding to copy filtered properties files.
[INFO] Copying 1 resource
[INFO] Copying 0 resource
[INFO] 
[INFO] --- compiler:3.10.1:compile (default-compile) @ mycrud ---
[INFO] Nothing to compile - all classes are up to date
[INFO] 
[INFO] --- resources:3.2.0:testResources (default-testResources) @ mycrud ---
[INFO] Using 'UTF-8' encoding to copy filtered resources.
[INFO] Using 'UTF-8' encoding to copy filtered properties files.
[INFO] skip non existing resourceDirectory C:\Users\lenovo\java\mycrud\src\test\resources
[INFO] 
[INFO] --- compiler:3.10.1:testCompile (default-testCompile) @ mycrud ---
[INFO] Nothing to compile - all classes are up to date
[INFO] 
[INFO] <<< spring-boot:2.7.15:run (default-cli) < test-compile @ mycrud <<<
[INFO] 
[INFO] 
[INFO] --- spring-boot:2.7.15:run (default-cli) @ mycrud ---
[INFO] Attaching agents: []

  .   ____          _            __ _ _
 /\\ / ___'_ __ _ _(_)_ __  __ _ \ \ \ \
( ( )\___ | '_ | '_| | '_ \/ _` | \ \ \ \
 \\/  ___)| |_)| | | | | || (_| |  ) ) ) )
  '  |____| .__|_| |_|_| |_\__, | / / / /
 =========|_|==============|___/=/_/_/_/
 :: Spring Boot ::               (v2.7.15)

2025-10-30 14:59:10.213  INFO 10216 --- [           main] com.example.mycrud.MycrudApplication     : Starting MycrudApplication using Java 11.0.29 on DESKTOP-P55BDFE with PID 10216 (C:\Users\lenovo\java\mycrud\target\classes started by lenovo in C:\Users\lenovo\java\mycrud)
2025-10-30 14:59:10.218  INFO 10216 --- [           main] com.example.mycrud.MycrudApplication     : No active profile set, falling back to 1 default profile: "default"
2025-10-30 14:59:12.755  INFO 10216 --- [           main] .s.d.r.c.RepositoryConfigurationDelegate : Bootstrapping Spring Data MongoDB repositories in DEFAULT mode.
2025-10-30 14:59:12.942  INFO 10216 --- [           main] .s.d.r.c.RepositoryConfigurationDelegate : Finished Spring Data repository scanning in 172 ms. Found 1 MongoDB repository interfaces.
2025-10-30 14:59:15.339  INFO 10216 --- [           main] o.s.b.w.embedded.tomcat.TomcatWebServer  : Tomcat initialized with port(s): 9090 (http)
2025-10-30 14:59:15.373  INFO 10216 --- [           main] o.apache.catalina.core.StandardService   : Starting service [Tomcat]
2025-10-30 14:59:15.373  INFO 10216 --- [           main] org.apache.catalina.core.StandardEngine  : Starting Servlet engine: [Apache Tomcat/9.0.79]
2025-10-30 14:59:15.663  INFO 10216 --- [           main] o.a.c.c.C.[Tomcat].[localhost].[/]       : Initializing Spring embedded WebApplicationContext
2025-10-30 14:59:15.663  INFO 10216 --- [           main] w.s.c.ServletWebServerApplicationContext : Root WebApplicationContext: initialization completed in 5195 ms
2025-10-30 14:59:16.298  INFO 10216 --- [           main] org.mongodb.driver.client                : MongoClient with metadata {"driver": {"name": "mongo-java-driver|sync|spring-boot", "version": "4.6.1"}, "os": {"type": "Windows", "name": "Windows 10", "architecture": "amd64", "version": "10.0"}, "platform": "Java/Oracle Corporation/11.0.29+8-LTS-387"} created with settings MongoClientSettings{readPreference=primary, writeConcern=WriteConcern{w=majority, wTimeout=null ms, journal=null}, retryWrites=true, retryReads=true, readConcern=ReadConcern{level=null}, credential=MongoCredential{mechanism=null, userName='mohdmustufa26', source='admin', password=<hidden>, mechanismProperties=<hidden>}, streamFactoryFactory=null, commandListeners=[], codecRegistry=ProvidersCodecRegistry{codecProviders=[ValueCodecProvider{}, BsonValueCodecProvider{}, DBRefCodecProvider{}, DBObjectCodecProvider{}, DocumentCodecProvider{}, IterableCodecProvider{}, MapCodecProvider{}, GeoJsonCodecProvider{}, GridFSFileCodecProvider{}, Jsr310CodecProvider{}, JsonObjectCodecProvider{}, BsonCodecProvider{}, EnumCodecProvider{}, com.mongodb.Jep395RecordCodecProvider@63cd2cd2]}, clusterSettings={hosts=[127.0.0.1:27017], srvHost=mustufa0.u4lf9tw.mongodb.net, srvServiceName=mongodb, mode=MULTIPLE, requiredClusterType=REPLICA_SET, requiredReplicaSetName='atlas-jyyacj-shard-0', serverSelector='null', clusterListeners='[]', serverSelectionTimeout='30000 ms', localThreshold='30000 ms'}, socketSettings=SocketSettings{connectTimeoutMS=10000, readTimeoutMS=0, receiveBufferSize=0, sendBufferSize=0}, heartbeatSocketSettings=SocketSettings{connectTimeoutMS=10000, readTimeoutMS=10000, receiveBufferSize=0, sendBufferSize=0}, connectionPoolSettings=ConnectionPoolSettings{maxSize=100, minSize=0, maxWaitTimeMS=120000, maxConnectionLifeTimeMS=0, maxConnectionIdleTimeMS=0, maintenanceInitialDelayMS=0, maintenanceFrequencyMS=60000, connectionPoolListeners=[], maxConnecting=2}, serverSettings=ServerSettings{heartbeatFrequencyMS=10000, minHeartbeatFrequencyMS=500, serverListeners='[]', serverMonitorListeners='[]'}, sslSettings=SslSettings{enabled=true, invalidHostNameAllowed=false, context=null}, applicationName='null', compressorList=[], uuidRepresentation=JAVA_LEGACY, serverApi=null, autoEncryptionSettings=null, contextProvider=null}
2025-10-30 14:59:16.396  INFO 10216 --- [9tw.mongodb.net] org.mongodb.driver.cluster               : Adding discovered server ac-w4dchpi-shard-00-00.u4lf9tw.mongodb.net:27017 to client view of cluster
2025-10-30 14:59:16.439  INFO 10216 --- [9tw.mongodb.net] org.mongodb.driver.cluster               : Adding discovered server ac-w4dchpi-shard-00-01.u4lf9tw.mongodb.net:27017 to client view of cluster
2025-10-30 14:59:16.441  INFO 10216 --- [9tw.mongodb.net] org.mongodb.driver.cluster               : Adding discovered server ac-w4dchpi-shard-00-02.u4lf9tw.mongodb.net:27017 to client view of cluster
2025-10-30 14:59:17.279  INFO 10216 --- [ngodb.net:27017] org.mongodb.driver.connection            : Opened connection [connectionId{localValue:6, serverValue:371497}] to ac-w4dchpi-shard-00-01.u4lf9tw.mongodb.net:27017
2025-10-30 14:59:17.279  INFO 10216 --- [ngodb.net:27017] org.mongodb.driver.connection            : Opened connection [connectionId{localValue:2, serverValue:398626}] to ac-w4dchpi-shard-00-02.u4lf9tw.mongodb.net:27017
2025-10-30 14:59:17.279  INFO 10216 --- [ngodb.net:27017] org.mongodb.driver.connection            : Opened connection [connectionId{localValue:5, serverValue:376683}] to ac-w4dchpi-shard-00-00.u4lf9tw.mongodb.net:27017
2025-10-30 14:59:17.279  INFO 10216 --- [ngodb.net:27017] org.mongodb.driver.connection            : Opened connection [connectionId{localValue:1, serverValue:376683}] to ac-w4dchpi-shard-00-00.u4lf9tw.mongodb.net:27017
2025-10-30 14:59:17.286  INFO 10216 --- [ngodb.net:27017] org.mongodb.driver.cluster               : Monitor thread successfully connected to server with description ServerDescription{address=ac-w4dchpi-shard-00-02.u4lf9tw.mongodb.net:27017, type=REPLICA_SET_PRIMARY, state=CONNECTED, ok=true, minWireVersion=0, maxWireVersion=25, maxDocumentSize=16777216, logicalSessionTimeoutMinutes=30, roundTripTimeNanos=452753700, setName='atlas-jyyacj-shard-0', canonicalAddress=ac-w4dchpi-shard-00-02.u4lf9tw.mongodb.net:27017, hosts=[ac-w4dchpi-shard-00-01.u4lf9tw.mongodb.net:27017, ac-w4dchpi-shard-00-00.u4lf9tw.mongodb.net:27017, ac-w4dchpi-shard-00-02.u4lf9tw.mongodb.net:27017], passives=[], arbiters=[], primary='ac-w4dchpi-shard-00-02.u4lf9tw.mongodb.net:27017', tagSet=TagSet{[Tag{name='availabilityZone', value='aps1-az2'}, Tag{name='diskState', value='READY'}, Tag{name='nodeType', value='ELECTABLE'}, Tag{name='provider', value='AWS'}, Tag{name='region', value='AP_SOUTH_1'}, Tag{name='workloadType', value='OPERATIONAL'}]}, electionId=7fffffff000000000000013f, setVersion=385, topologyVersion=TopologyVersion{processId=68f92ea503a36db6a2a59b11, counter=6}, lastWriteDate=Thu Oct 30 14:59:17 IST 2025, lastUpdateTimeNanos=2731205768600}
2025-10-30 14:59:17.286  INFO 10216 --- [ngodb.net:27017] org.mongodb.driver.cluster               : Monitor thread successfully connected to server with description ServerDescription{address=ac-w4dchpi-shard-00-00.u4lf9tw.mongodb.net:27017, type=REPLICA_SET_SECONDARY, state=CONNECTED, ok=true, minWireVersion=0, maxWireVersion=25, maxDocumentSize=16777216, logicalSessionTimeoutMinutes=30, roundTripTimeNanos=456097500, setName='atlas-jyyacj-shard-0', canonicalAddress=ac-w4dchpi-shard-00-00.u4lf9tw.mongodb.net:27017, hosts=[ac-w4dchpi-shard-00-01.u4lf9tw.mongodb.net:27017, ac-w4dchpi-shard-00-00.u4lf9tw.mongodb.net:27017, ac-w4dchpi-shard-00-02.u4lf9tw.mongodb.net:27017], passives=[], arbiters=[], primary='ac-w4dchpi-shard-00-02.u4lf9tw.mongodb.net:27017', tagSet=TagSet{[Tag{name='availabilityZone', value='aps1-az1'}, Tag{name='diskState', value='READY'}, Tag{name='nodeType', value='ELECTABLE'}, Tag{name='provider', value='AWS'}, Tag{name='region', value='AP_SOUTH_1'}, Tag{name='workloadType', value='OPERATIONAL'}]}, electionId=null, setVersion=385, topologyVersion=TopologyVersion{processId=68f92baecd1094933e94d502, counter=4}, lastWriteDate=Thu Oct 30 14:59:17 IST 2025, lastUpdateTimeNanos=2731205768700}
2025-10-30 14:59:17.294  INFO 10216 --- [ngodb.net:27017] org.mongodb.driver.cluster               : Setting max election id to 7fffffff000000000000013f from replica set primary ac-w4dchpi-shard-00-02.u4lf9tw.mongodb.net:27017
2025-10-30 14:59:17.295  INFO 10216 --- [ngodb.net:27017] org.mongodb.driver.cluster               : Setting max set version to 385 from replica set primary ac-w4dchpi-shard-00-02.u4lf9tw.mongodb.net:27017
2025-10-30 14:59:17.295  INFO 10216 --- [ngodb.net:27017] org.mongodb.driver.cluster               : Discovered replica set primary ac-w4dchpi-shard-00-02.u4lf9tw.mongodb.net:27017
2025-10-30 14:59:17.342  INFO 10216 --- [ngodb.net:27017] org.mongodb.driver.connection            : Opened connection [connectionId{localValue:3, serverValue:371497}] to ac-w4dchpi-shard-00-01.u4lf9tw.mongodb.net:27017
2025-10-30 14:59:17.342  INFO 10216 --- [ngodb.net:27017] org.mongodb.driver.connection            : Opened connection [connectionId{localValue:4, serverValue:398626}] to ac-w4dchpi-shard-00-02.u4lf9tw.mongodb.net:27017
2025-10-30 14:59:17.343  INFO 10216 --- [ngodb.net:27017] org.mongodb.driver.cluster               : Monitor thread successfully connected to server with description ServerDescription{address=ac-w4dchpi-shard-00-01.u4lf9tw.mongodb.net:27017, type=REPLICA_SET_SECONDARY, state=CONNECTED, ok=true, minWireVersion=0, maxWireVersion=25, maxDocumentSize=16777216, logicalSessionTimeoutMinutes=30, roundTripTimeNanos=525397000, setName='atlas-jyyacj-shard-0', canonicalAddress=ac-w4dchpi-shard-00-01.u4lf9tw.mongodb.net:27017, hosts=[ac-w4dchpi-shard-00-01.u4lf9tw.mongodb.net:27017, ac-w4dchpi-shard-00-00.u4lf9tw.mongodb.net:27017, ac-w4dchpi-shard-00-02.u4lf9tw.mongodb.net:27017], passives=[], arbiters=[], primary='ac-w4dchpi-shard-00-02.u4lf9tw.mongodb.net:27017', tagSet=TagSet{[Tag{name='availabilityZone', value='aps1-az3'}, Tag{name='diskState', value='READY'}, Tag{name='nodeType', value='ELECTABLE'}, Tag{name='provider', value='AWS'}, Tag{name='region', value='AP_SOUTH_1'}, Tag{name='workloadType', value='OPERATIONAL'}]}, electionId=null, setVersion=385, topologyVersion=TopologyVersion{processId=68f9310fdba5c0d8cd5557fd, counter=3}, lastWriteDate=Thu Oct 30 14:59:17 IST 2025, lastUpdateTimeNanos=2731271707300}
2025-10-30 14:59:17.725  INFO 10216 --- [           main] o.s.b.w.embedded.tomcat.TomcatWebServer  : Tomcat started on port(s): 9090 (http) with context path ''
2025-10-30 14:59:17.746  INFO 10216 --- [           main] com.example.mycrud.MycrudApplication     : Started MycrudApplication in 8.741 seconds (JVM running for 9.644)
2025-10-30 15:00:11.347  INFO 10216 --- [nio-9090-exec-1] o.a.c.c.C.[Tomcat].[localhost].[/]       : Initializing Spring DispatcherServlet 'dispatcherServlet'
2025-10-30 15:00:11.347  INFO 10216 --- [nio-9090-exec-1] o.s.web.servlet.DispatcherServlet        : Initializing Servlet 'dispatcherServlet'
2025-10-30 15:00:11.350  INFO 10216 --- [nio-9090-exec-1] o.s.web.servlet.DispatcherServlet        : Completed initialization in 2 ms
2025-10-30 15:00:12.301  INFO 10216 --- [nio-9090-exec-1] org.mongodb.driver.connection            : Opened connection [connectionId{localValue:7, serverValue:398714}] to ac-w4dchpi-shard-00-02.u4lf9tw.mongodb.net:27017
